build/outputs/logs/manifest-merger-debug-report.txt
-- Merging decision tree log ---
manifest
ADDED from PositionAssistant\AndroidManifest.xml:2:1-29:12
	package
		ADDED from PositionAssistant\AndroidManifest.xml:3:5-44
	android:versionName
		ADDED from PositionAssistant\AndroidManifest.xml:5:5-30
		INJECTED from PositionAssistant\AndroidManifest.xml
		INJECTED from PositionAssistant\AndroidManifest.xml
	android:versionCode
		ADDED from PositionAssistant\AndroidManifest.xml:4:5-28
		INJECTED from PositionAssistant\AndroidManifest.xml
		INJECTED from PositionAssistant\AndroidManifest.xml
	xmlns:android
		ADDED from PositionAssistant\AndroidManifest.xml:2:11-69
uses-sdk
ADDED from PositionAssistant\AndroidManifest.xml:7:5-9:41
	android:targetSdkVersion
		ADDED from PositionAssistant\AndroidManifest.xml:9:9-38
	android:minSdkVersion
		ADDED from PositionAssistant\AndroidManifest.xml:8:9-35
uses-permission#android.permission.INTERNET
ADDED from PositionAssistant\AndroidManifest.xml:10:5-66
	android:name
		ADDED from PositionAssistant\AndroidManifest.xml:10:22-64
uses-permission#android.permission.WRITE_EXTERNAL_STORAGE
ADDED from PositionAssistant\AndroidManifest.xml:11:5-80
	android:name
		ADDED from PositionAssistant\AndroidManifest.xml:11:22-78
application
ADDED from PositionAssistant\AndroidManifest.xml:13:5-27:19
	android:label
		ADDED from PositionAssistant\AndroidManifest.xml:16:9-41
	android:allowBackup
		ADDED from PositionAssistant\AndroidManifest.xml:14:9-35
	android:icon
		ADDED from PositionAssistant\AndroidManifest.xml:15:9-45
	android:theme
		ADDED from PositionAssistant\AndroidManifest.xml:17:9-40
activity#com.example.positionassistant.MainActivity
ADDED from PositionAssistant\AndroidManifest.xml:18:9-26:20
	android:screenOrientation
		ADDED from PositionAssistant\AndroidManifest.xml:19:13-50
	android:label
		ADDED from PositionAssistant\AndroidManifest.xml:21:13-45
	android:name
		ADDED from PositionAssistant\AndroidManifest.xml:20:13-70
intent-filter#android.intent.action.MAIN+android.intent.category.LAUNCHER
ADDED from PositionAssistant\AndroidManifest.xml:22:13-25:29
action#android.intent.action.MAIN
ADDED from PositionAssistant\AndroidManifest.xml:23:17-69
	android:name
		ADDED from PositionAssistant\AndroidManifest.xml:23:25-66
category#android.intent.category.LAUNCHER
ADDED from PositionAssistant\AndroidManifest.xml:24:17-77
	android:name
		ADDED from PositionAssistant\AndroidManifest.xml:24:27-74